<?xml version="1.0" encoding="UTF-8"?>
<!-- Generated by org.testng.reporters.JUnitReportReporter -->
<testsuite hostname="Karthick" failures="0" tests="4" name="Day2.postRequests" time="4.412" errors="0" timestamp="2023-11-14T16:47:03 IST" skipped="0">
  <testcase classname="Day2.postRequests" name="using_Pojo" time="0.538"/>
  <system-out/>
  <testcase classname="Day2.postRequests" name="using_HashMap" time="2.819"/>
  <system-out/>
  <testcase classname="Day2.postRequests" name="using_JSONObject" time="0.542"/>
  <system-out/>
  <testcase classname="Day2.postRequests" name="using_Json" time="0.513"/>
  <system-out/>
</testsuite> <!-- Day2.postRequests -->
