<?xml version="1.0" encoding="UTF-8"?>
<!-- Generated by org.testng.reporters.JUnitReportReporter -->
<testsuite hostname="Karthick" failures="0" tests="4" name="Day1.httpRequests" time="4.182" errors="0" timestamp="2023-11-14T13:47:44 IST" skipped="0">
  <testcase classname="Day1.httpRequests" name="getUserById" time="2.328"/>
  <system-out/>
  <testcase classname="Day1.httpRequests" name="createUser" time="0.893"/>
  <system-out/>
  <testcase classname="Day1.httpRequests" name="updateUser" time="0.478"/>
  <system-out/>
  <testcase classname="Day1.httpRequests" name="deleteUser" time="0.483"/>
  <system-out/>
</testsuite> <!-- Day1.httpRequests -->
